<?xml version="1.0" encoding="UTF-8"?>
<!-- Generated by org.testng.reporters.JUnitReportReporter -->
<testsuite hostname="DESKTOP-NJ1CKTO" failures="0" tests="5" name="tests.LoginTests" time="86.344" errors="0" timestamp="2022-05-26T15:54:58 CEST" skipped="0">
  <testcase classname="tests.LoginTests" name="loginUser2" time="17.248"/>
  <system-out/>
  <testcase classname="tests.LoginTests" name="loginUserTest" time="12.247"/>
  <system-out/>
  <testcase classname="tests.LoginTests" name="loginUserFromJson" time="32.927"/>
  <system-out/>
  <testcase classname="tests.LoginTests" name="loginUserTest" time="12.058"/>
  <system-out/>
  <testcase classname="tests.LoginTests" name="loginUserTest" time="11.864"/>
  <system-out/>
</testsuite> <!-- tests.LoginTests -->
